[2021-12-22 17:11:25,634] {taskinstance.py:1035} INFO - Dependencies all met for <TaskInstance: data_pipeline1.move_file scheduled__2021-12-20T00:08:00+00:00 [queued]>
[2021-12-22 17:11:25,638] {taskinstance.py:1035} INFO - Dependencies all met for <TaskInstance: data_pipeline1.move_file scheduled__2021-12-20T00:08:00+00:00 [queued]>
[2021-12-22 17:11:25,639] {taskinstance.py:1241} INFO - 
--------------------------------------------------------------------------------
[2021-12-22 17:11:25,639] {taskinstance.py:1242} INFO - Starting attempt 1 of 4
[2021-12-22 17:11:25,639] {taskinstance.py:1243} INFO - 
--------------------------------------------------------------------------------
[2021-12-22 17:11:25,648] {taskinstance.py:1262} INFO - Executing <Task(BashOperator): move_file> on 2021-12-20 00:08:00+00:00
[2021-12-22 17:11:25,651] {standard_task_runner.py:52} INFO - Started process 17978 to run task
[2021-12-22 17:11:25,655] {standard_task_runner.py:76} INFO - Running: ['airflow', 'tasks', 'run', 'data_pipeline1', 'move_file', 'scheduled__2021-12-20T00:08:00+00:00', '--job-id', '59', '--raw', '--subdir', '/home/myamya/project/dockers/airflow/dags/hello_world.py', '--cfg-path', '/tmp/tmpgpjqcixa', '--error-file', '/tmp/tmptf_94oc0']
[2021-12-22 17:11:25,656] {standard_task_runner.py:77} INFO - Job 59: Subtask move_file
[2021-12-22 17:11:25,673] {logging_mixin.py:109} INFO - Running <TaskInstance: data_pipeline1.move_file scheduled__2021-12-20T00:08:00+00:00 [running]> on host myamya
[2021-12-22 17:11:25,695] {taskinstance.py:1412} INFO - Exporting the following env vars:
AIRFLOW_CTX_DAG_OWNER=yangjae
AIRFLOW_CTX_DAG_ID=data_pipeline1
AIRFLOW_CTX_TASK_ID=move_file
AIRFLOW_CTX_EXECUTION_DATE=2021-12-20T00:08:00+00:00
AIRFLOW_CTX_DAG_RUN_ID=scheduled__2021-12-20T00:08:00+00:00
[2021-12-22 17:11:25,695] {subprocess.py:62} INFO - Tmp dir root location: 
 /tmp
[2021-12-22 17:11:25,695] {subprocess.py:74} INFO - Running command: ['bash', '-c', 'cp /home/myamya/project/image_files/cropped_512_image/* /home/myamya/project/images/real/ | cp /home/myamya/project/image_files/sketched2/* /home/myamya/project/images/sketch/']
[2021-12-22 17:11:25,699] {subprocess.py:85} INFO - Output:
[2021-12-22 17:11:25,700] {subprocess.py:89} INFO - cp: cp: '/home/myamya/project/image_files/cropped_512_image/*'를 설명할 수 없음'/home/myamya/project/image_files/sketched2/*'를 설명할 수 없음: 그런 파일이나 디렉터리가 없습니다
[2021-12-22 17:11:25,700] {subprocess.py:89} INFO - : 그런 파일이나 디렉터리가 없습니다
[2021-12-22 17:11:25,701] {subprocess.py:93} INFO - Command exited with return code 1
[2021-12-22 17:11:25,701] {taskinstance.py:1686} ERROR - Task failed with exception
Traceback (most recent call last):
  File "/home/myamya/anaconda3/lib/python3.9/site-packages/airflow/models/taskinstance.py", line 1324, in _run_raw_task
    self._execute_task_with_callbacks(context)
  File "/home/myamya/anaconda3/lib/python3.9/site-packages/airflow/models/taskinstance.py", line 1443, in _execute_task_with_callbacks
    result = self._execute_task(context, self.task)
  File "/home/myamya/anaconda3/lib/python3.9/site-packages/airflow/models/taskinstance.py", line 1499, in _execute_task
    result = execute_callable(context=context)
  File "/home/myamya/anaconda3/lib/python3.9/site-packages/airflow/operators/bash.py", line 187, in execute
    raise AirflowException(
airflow.exceptions.AirflowException: Bash command failed. The command returned a non-zero exit code 1.
[2021-12-22 17:11:25,706] {taskinstance.py:1270} INFO - Marking task as UP_FOR_RETRY. dag_id=data_pipeline1, task_id=move_file, execution_date=20211220T000800, start_date=20211222T081125, end_date=20211222T081125
[2021-12-22 17:11:25,717] {standard_task_runner.py:88} ERROR - Failed to execute job 59 for task move_file
Traceback (most recent call last):
  File "/home/myamya/anaconda3/lib/python3.9/site-packages/airflow/task/task_runner/standard_task_runner.py", line 85, in _start_by_fork
    args.func(args, dag=self.dag)
  File "/home/myamya/anaconda3/lib/python3.9/site-packages/airflow/cli/cli_parser.py", line 48, in command
    return func(*args, **kwargs)
  File "/home/myamya/anaconda3/lib/python3.9/site-packages/airflow/utils/cli.py", line 92, in wrapper
    return f(*args, **kwargs)
  File "/home/myamya/anaconda3/lib/python3.9/site-packages/airflow/cli/commands/task_command.py", line 292, in task_run
    _run_task_by_selected_method(args, dag, ti)
  File "/home/myamya/anaconda3/lib/python3.9/site-packages/airflow/cli/commands/task_command.py", line 107, in _run_task_by_selected_method
    _run_raw_task(args, ti)
  File "/home/myamya/anaconda3/lib/python3.9/site-packages/airflow/cli/commands/task_command.py", line 180, in _run_raw_task
    ti._run_raw_task(
  File "/home/myamya/anaconda3/lib/python3.9/site-packages/airflow/utils/session.py", line 70, in wrapper
    return func(*args, session=session, **kwargs)
  File "/home/myamya/anaconda3/lib/python3.9/site-packages/airflow/models/taskinstance.py", line 1324, in _run_raw_task
    self._execute_task_with_callbacks(context)
  File "/home/myamya/anaconda3/lib/python3.9/site-packages/airflow/models/taskinstance.py", line 1443, in _execute_task_with_callbacks
    result = self._execute_task(context, self.task)
  File "/home/myamya/anaconda3/lib/python3.9/site-packages/airflow/models/taskinstance.py", line 1499, in _execute_task
    result = execute_callable(context=context)
  File "/home/myamya/anaconda3/lib/python3.9/site-packages/airflow/operators/bash.py", line 187, in execute
    raise AirflowException(
airflow.exceptions.AirflowException: Bash command failed. The command returned a non-zero exit code 1.
[2021-12-22 17:11:25,746] {local_task_job.py:154} INFO - Task exited with return code 1
[2021-12-22 17:11:25,768] {local_task_job.py:264} INFO - 0 downstream tasks scheduled from follow-on schedule check
