[2021-12-21 22:51:42,318] {taskinstance.py:1035} INFO - Dependencies all met for <TaskInstance: data_pipeline.move_file scheduled__2021-12-19T00:00:00+00:00 [queued]>
[2021-12-21 22:51:42,323] {taskinstance.py:1035} INFO - Dependencies all met for <TaskInstance: data_pipeline.move_file scheduled__2021-12-19T00:00:00+00:00 [queued]>
[2021-12-21 22:51:42,323] {taskinstance.py:1241} INFO - 
--------------------------------------------------------------------------------
[2021-12-21 22:51:42,323] {taskinstance.py:1242} INFO - Starting attempt 3 of 4
[2021-12-21 22:51:42,323] {taskinstance.py:1243} INFO - 
--------------------------------------------------------------------------------
[2021-12-21 22:51:42,332] {taskinstance.py:1262} INFO - Executing <Task(BashOperator): move_file> on 2021-12-19 00:00:00+00:00
[2021-12-21 22:51:42,333] {standard_task_runner.py:52} INFO - Started process 101682 to run task
[2021-12-21 22:51:42,335] {standard_task_runner.py:76} INFO - Running: ['airflow', 'tasks', 'run', 'data_pipeline', 'move_file', 'scheduled__2021-12-19T00:00:00+00:00', '--job-id', '146', '--raw', '--subdir', '/home/myamya/project/dockers/airflow/dags/hello_world.py', '--cfg-path', '/tmp/tmp5252lj9k', '--error-file', '/tmp/tmp9gb4hlbm']
[2021-12-21 22:51:42,336] {standard_task_runner.py:77} INFO - Job 146: Subtask move_file
[2021-12-21 22:51:42,355] {logging_mixin.py:109} INFO - Running <TaskInstance: data_pipeline.move_file scheduled__2021-12-19T00:00:00+00:00 [running]> on host myamya
[2021-12-21 22:51:42,377] {taskinstance.py:1412} INFO - Exporting the following env vars:
AIRFLOW_CTX_DAG_OWNER=yangjae
AIRFLOW_CTX_DAG_ID=data_pipeline
AIRFLOW_CTX_TASK_ID=move_file
AIRFLOW_CTX_EXECUTION_DATE=2021-12-19T00:00:00+00:00
AIRFLOW_CTX_DAG_RUN_ID=scheduled__2021-12-19T00:00:00+00:00
[2021-12-21 22:51:42,377] {subprocess.py:62} INFO - Tmp dir root location: 
 /tmp
[2021-12-21 22:51:42,378] {subprocess.py:74} INFO - Running command: ['bash', '-c', 'cp /home/myamya/project/image_files/cropped_512_image/* /home/myamya/project/images/real/ | cp /home/myamya/project/image_files/sketched2/* /home/myamya/project/images/sketch/']
[2021-12-21 22:51:42,382] {subprocess.py:85} INFO - Output:
[2021-12-21 22:51:42,383] {subprocess.py:89} INFO - cp: cp: '/home/myamya/project/image_files/sketched2/*'를 설명할 수 없음'/home/myamya/project/image_files/cropped_512_image/*'를 설명할 수 없음: 그런 파일이나 디렉터리가 없습니다
[2021-12-21 22:51:42,383] {subprocess.py:89} INFO - : 그런 파일이나 디렉터리가 없습니다
[2021-12-21 22:51:42,384] {subprocess.py:93} INFO - Command exited with return code 1
[2021-12-21 22:51:42,384] {taskinstance.py:1686} ERROR - Task failed with exception
Traceback (most recent call last):
  File "/home/myamya/anaconda3/lib/python3.9/site-packages/airflow/models/taskinstance.py", line 1324, in _run_raw_task
    self._execute_task_with_callbacks(context)
  File "/home/myamya/anaconda3/lib/python3.9/site-packages/airflow/models/taskinstance.py", line 1443, in _execute_task_with_callbacks
    result = self._execute_task(context, self.task)
  File "/home/myamya/anaconda3/lib/python3.9/site-packages/airflow/models/taskinstance.py", line 1499, in _execute_task
    result = execute_callable(context=context)
  File "/home/myamya/anaconda3/lib/python3.9/site-packages/airflow/operators/bash.py", line 187, in execute
    raise AirflowException(
airflow.exceptions.AirflowException: Bash command failed. The command returned a non-zero exit code 1.
[2021-12-21 22:51:42,390] {taskinstance.py:1270} INFO - Marking task as UP_FOR_RETRY. dag_id=data_pipeline, task_id=move_file, execution_date=20211219T000000, start_date=20211221T135142, end_date=20211221T135142
[2021-12-21 22:51:42,399] {standard_task_runner.py:88} ERROR - Failed to execute job 146 for task move_file
Traceback (most recent call last):
  File "/home/myamya/anaconda3/lib/python3.9/site-packages/airflow/task/task_runner/standard_task_runner.py", line 85, in _start_by_fork
    args.func(args, dag=self.dag)
  File "/home/myamya/anaconda3/lib/python3.9/site-packages/airflow/cli/cli_parser.py", line 48, in command
    return func(*args, **kwargs)
  File "/home/myamya/anaconda3/lib/python3.9/site-packages/airflow/utils/cli.py", line 92, in wrapper
    return f(*args, **kwargs)
  File "/home/myamya/anaconda3/lib/python3.9/site-packages/airflow/cli/commands/task_command.py", line 292, in task_run
    _run_task_by_selected_method(args, dag, ti)
  File "/home/myamya/anaconda3/lib/python3.9/site-packages/airflow/cli/commands/task_command.py", line 107, in _run_task_by_selected_method
    _run_raw_task(args, ti)
  File "/home/myamya/anaconda3/lib/python3.9/site-packages/airflow/cli/commands/task_command.py", line 180, in _run_raw_task
    ti._run_raw_task(
  File "/home/myamya/anaconda3/lib/python3.9/site-packages/airflow/utils/session.py", line 70, in wrapper
    return func(*args, session=session, **kwargs)
  File "/home/myamya/anaconda3/lib/python3.9/site-packages/airflow/models/taskinstance.py", line 1324, in _run_raw_task
    self._execute_task_with_callbacks(context)
  File "/home/myamya/anaconda3/lib/python3.9/site-packages/airflow/models/taskinstance.py", line 1443, in _execute_task_with_callbacks
    result = self._execute_task(context, self.task)
  File "/home/myamya/anaconda3/lib/python3.9/site-packages/airflow/models/taskinstance.py", line 1499, in _execute_task
    result = execute_callable(context=context)
  File "/home/myamya/anaconda3/lib/python3.9/site-packages/airflow/operators/bash.py", line 187, in execute
    raise AirflowException(
airflow.exceptions.AirflowException: Bash command failed. The command returned a non-zero exit code 1.
[2021-12-21 22:51:42,427] {local_task_job.py:154} INFO - Task exited with return code 1
[2021-12-21 22:51:42,438] {local_task_job.py:264} INFO - 0 downstream tasks scheduled from follow-on schedule check
